<?xml version="1.0" encoding="utf-8"?><testsuites><testsuite name="pytest" errors="0" failures="3" skipped="0" tests="39" time="3.491" timestamp="2022-05-31T22:45:26.845524" hostname="Jesus-Ruiz-MacBook-Pro.local"><testcase classname="tests.test_pokemon_endpoint" name="test_validate_pokemon_data_2[bulbasaur]" time="0.082" /><testcase classname="tests.test_pokemon_endpoint" name="test_validate_pokemon_data_2[ivysaur]" time="0.073" /><testcase classname="tests.test_pokemon_endpoint" name="test_validate_pokemon_data_2[venusaur]" time="0.080" /><testcase classname="tests.test_pokemon_endpoint" name="test_validate_pokemon_data_2[charmander]" time="0.080" /><testcase classname="tests.test_pokemon_endpoint" name="test_validate_pokemon_data_2[charmeleon]" time="0.079" /><testcase classname="tests.test_pokemon_endpoint" name="test_validate_pokemon_data_2[charizard]" time="0.074" /><testcase classname="tests.test_pokemon_endpoint" name="test_validate_pokemon_data_2[squirtle]" time="0.069" /><testcase classname="tests.test_pokemon_endpoint" name="test_validate_pokemon_data_2[wartortle]" time="0.070" /><testcase classname="tests.test_pokemon_endpoint" name="test_validate_pokemon_data_2[blastoise]" time="0.090" /><testcase classname="tests.test_pokemon_endpoint" name="test_validate_pokemon_data_2[caterpie]" time="0.081" /><testcase classname="tests.test_pokemon_endpoint" name="test_validate_pokemon_data_2[metapod]" time="0.077" /><testcase classname="tests.test_pokemon_endpoint" name="test_validate_pokemon_data_2[butterfree]" time="0.075" /><testcase classname="tests.test_pokemon_endpoint" name="test_validate_pokemon_data_2[weedle]" time="0.088" /><testcase classname="tests.test_pokemon_endpoint" name="test_validate_pokemon_data_2[kakuna]" time="0.081" /><testcase classname="tests.test_pokemon_endpoint" name="test_validate_pokemon_data_2[beedrill]" time="0.076" /><testcase classname="tests.test_pokemon_endpoint" name="test_validate_pokemon_data_2[pidgey]" time="0.105" /><testcase classname="tests.test_pokemon_endpoint" name="test_validate_pokemon_data_2[pidgeotto]" time="0.074" /><testcase classname="tests.test_pokemon_endpoint" name="test_validate_pokemon_data_2[pidgeot]" time="0.073" /><testcase classname="tests.test_pokemon_endpoint" name="test_validate_pokemon_data_fluent[bulbasaur]" time="0.079" /><testcase classname="tests.test_pokemon_endpoint" name="test_validate_pokemon_data_fluent[ivysaur]" time="0.096" /><testcase classname="tests.test_pokemon_endpoint" name="test_validate_pokemon_data_fluent[venusaur]" time="0.082" /><testcase classname="tests.test_pokemon_endpoint" name="test_validate_pokemon_data_fluent[charmander]" time="0.095" /><testcase classname="tests.test_pokemon_endpoint" name="test_validate_pokemon_data_fluent[charmeleon]" time="0.091" /><testcase classname="tests.test_pokemon_endpoint" name="test_validate_pokemon_data_fluent[charizard]" time="0.078" /><testcase classname="tests.test_pokemon_endpoint" name="test_validate_pokemon_data_fluent[squirtle]" time="0.081" /><testcase classname="tests.test_pokemon_endpoint" name="test_validate_pokemon_data_fluent[wartortle]" time="0.201" /><testcase classname="tests.test_pokemon_endpoint" name="test_validate_pokemon_data_fluent[blastoise]" time="0.076" /><testcase classname="tests.test_pokemon_endpoint" name="test_validate_pokemon_data_fluent[caterpie]" time="0.079" /><testcase classname="tests.test_pokemon_endpoint" name="test_validate_pokemon_data_fluent[metapod]" time="0.071" /><testcase classname="tests.test_pokemon_endpoint" name="test_validate_pokemon_data_fluent[butterfree]" time="0.112" /><testcase classname="tests.test_pokemon_endpoint" name="test_validate_pokemon_data_fluent[weedle]" time="0.087" /><testcase classname="tests.test_pokemon_endpoint" name="test_validate_pokemon_data_fluent[kakuna]" time="0.087" /><testcase classname="tests.test_pokemon_endpoint" name="test_validate_pokemon_data_fluent[beedrill]" time="0.082" /><testcase classname="tests.test_pokemon_endpoint" name="test_validate_pokemon_data_fluent[pidgey]" time="0.084" /><testcase classname="tests.test_pokemon_endpoint" name="test_validate_pokemon_data_fluent[pidgeotto]" time="0.082" /><testcase classname="tests.test_pokemon_endpoint" name="test_validate_pokemon_data_fluent[pidgeot]" time="0.073" /><testcase classname="tests.test_pokemon_endpoint" name="test_validate_pokemon_moves_endpoint[pound]" time="0.009"><failure message="AttributeError: 'list' object has no attribute 'items'">move = 'pound'

    @pytest.mark.parametrize('move',pokemon_move_list)
    @pytest.mark.Smoke
    def test_validate_pokemon_moves_endpoint(move):
        # Setup
        moves_schema = file_operations.read_file_as_json_readonly('data/pokemonApi/schemas/moves_schema.json')
&gt;       validator = Validator(moves_schema, require_all=False)

tests/test_pokemon_endpoint.py:74: 
_ _ _ _ _ _ _ _ _ _ _ _ _ _ _ _ _ _ _ _ _ _ _ _ _ _ _ _ _ _ _ _ _ _ _ _ _ _ _ _ _ _ _ _ _ _ _ _ _ _ _ _ _ _ _ _ _ _ _ _ _ _ _ _ _ _ _ _ _ _ _ _ _ _ _ _ _ _ _ _ _ _ _ _ _ _ _ _ _ _ _ _ _ _ _ _ _ _ _ _ _ _ _ _ _ _ _ _ _ _ _ _ _ _ _ _ _ _ _ _ _ _ _ _ _ _
../../../.local/share/virtualenvs/pytestApiFramework-1hwM4lNI/lib/python3.9/site-packages/cerberus/validator.py:193: in __init__
    self.schema = kwargs.get('schema', None)
../../../.local/share/virtualenvs/pytestApiFramework-1hwM4lNI/lib/python3.9/site-packages/cerberus/validator.py:604: in schema
    self._schema = DefinitionSchema(self, schema)
../../../.local/share/virtualenvs/pytestApiFramework-1hwM4lNI/lib/python3.9/site-packages/cerberus/schema.py:82: in __init__
    self.validate(schema)
../../../.local/share/virtualenvs/pytestApiFramework-1hwM4lNI/lib/python3.9/site-packages/cerberus/schema.py:267: in validate
    self._validate(schema)
_ _ _ _ _ _ _ _ _ _ _ _ _ _ _ _ _ _ _ _ _ _ _ _ _ _ _ _ _ _ _ _ _ _ _ _ _ _ _ _ _ _ _ _ _ _ _ _ _ _ _ _ _ _ _ _ _ _ _ _ _ _ _ _ _ _ _ _ _ _ _ _ _ _ _ _ _ _ _ _ _ _ _ _ _ _ _ _ _ _ _ _ _ _ _ _ _ _ _ _ _ _ _ _ _ _ _ _ _ _ _ _ _ _ _ _ _ _ _ _ _ _ _ _ _ _

self = No schema data is set yet.
schema = {'$schema': 'http://json-schema.org/draft-04/schema#', 'properties': {'accuracy': {'type': 'integer'}, 'contest_combos...accuracy', 'contest_combos', 'contest_effect', 'contest_type', 'damage_class', 'effect_chance', ...], 'type': 'object'}

    def _validate(self, schema):
        if isinstance(schema, _str_type):
            schema = self.validator.schema_registry.get(schema, schema)
    
        test_schema = {}
        for field, rules in schema.items():
            if isinstance(rules, _str_type):
                test_schema[field] = rules_set_registry.get(rules, rules)
            else:
                test_rules = {}
&gt;               for rule, constraint in rules.items():
E               AttributeError: 'list' object has no attribute 'items'

../../../.local/share/virtualenvs/pytestApiFramework-1hwM4lNI/lib/python3.9/site-packages/cerberus/schema.py:280: AttributeError</failure></testcase><testcase classname="tests.test_pokemon_endpoint" name="test_validate_pokemon_moves_endpoint[tackle]" time="0.006"><failure message="AttributeError: 'list' object has no attribute 'items'">move = 'tackle'

    @pytest.mark.parametrize('move',pokemon_move_list)
    @pytest.mark.Smoke
    def test_validate_pokemon_moves_endpoint(move):
        # Setup
        moves_schema = file_operations.read_file_as_json_readonly('data/pokemonApi/schemas/moves_schema.json')
&gt;       validator = Validator(moves_schema, require_all=False)

tests/test_pokemon_endpoint.py:74: 
_ _ _ _ _ _ _ _ _ _ _ _ _ _ _ _ _ _ _ _ _ _ _ _ _ _ _ _ _ _ _ _ _ _ _ _ _ _ _ _ _ _ _ _ _ _ _ _ _ _ _ _ _ _ _ _ _ _ _ _ _ _ _ _ _ _ _ _ _ _ _ _ _ _ _ _ _ _ _ _ _ _ _ _ _ _ _ _ _ _ _ _ _ _ _ _ _ _ _ _ _ _ _ _ _ _ _ _ _ _ _ _ _ _ _ _ _ _ _ _ _ _ _ _ _ _
../../../.local/share/virtualenvs/pytestApiFramework-1hwM4lNI/lib/python3.9/site-packages/cerberus/validator.py:193: in __init__
    self.schema = kwargs.get('schema', None)
../../../.local/share/virtualenvs/pytestApiFramework-1hwM4lNI/lib/python3.9/site-packages/cerberus/validator.py:604: in schema
    self._schema = DefinitionSchema(self, schema)
../../../.local/share/virtualenvs/pytestApiFramework-1hwM4lNI/lib/python3.9/site-packages/cerberus/schema.py:82: in __init__
    self.validate(schema)
../../../.local/share/virtualenvs/pytestApiFramework-1hwM4lNI/lib/python3.9/site-packages/cerberus/schema.py:267: in validate
    self._validate(schema)
_ _ _ _ _ _ _ _ _ _ _ _ _ _ _ _ _ _ _ _ _ _ _ _ _ _ _ _ _ _ _ _ _ _ _ _ _ _ _ _ _ _ _ _ _ _ _ _ _ _ _ _ _ _ _ _ _ _ _ _ _ _ _ _ _ _ _ _ _ _ _ _ _ _ _ _ _ _ _ _ _ _ _ _ _ _ _ _ _ _ _ _ _ _ _ _ _ _ _ _ _ _ _ _ _ _ _ _ _ _ _ _ _ _ _ _ _ _ _ _ _ _ _ _ _ _

self = No schema data is set yet.
schema = {'$schema': 'http://json-schema.org/draft-04/schema#', 'properties': {'accuracy': {'type': 'integer'}, 'contest_combos...accuracy', 'contest_combos', 'contest_effect', 'contest_type', 'damage_class', 'effect_chance', ...], 'type': 'object'}

    def _validate(self, schema):
        if isinstance(schema, _str_type):
            schema = self.validator.schema_registry.get(schema, schema)
    
        test_schema = {}
        for field, rules in schema.items():
            if isinstance(rules, _str_type):
                test_schema[field] = rules_set_registry.get(rules, rules)
            else:
                test_rules = {}
&gt;               for rule, constraint in rules.items():
E               AttributeError: 'list' object has no attribute 'items'

../../../.local/share/virtualenvs/pytestApiFramework-1hwM4lNI/lib/python3.9/site-packages/cerberus/schema.py:280: AttributeError</failure></testcase><testcase classname="tests.test_pokemon_endpoint" name="test_validate_pokemon_moves_endpoint[gust]" time="0.007"><failure message="AttributeError: 'list' object has no attribute 'items'">move = 'gust'

    @pytest.mark.parametrize('move',pokemon_move_list)
    @pytest.mark.Smoke
    def test_validate_pokemon_moves_endpoint(move):
        # Setup
        moves_schema = file_operations.read_file_as_json_readonly('data/pokemonApi/schemas/moves_schema.json')
&gt;       validator = Validator(moves_schema, require_all=False)

tests/test_pokemon_endpoint.py:74: 
_ _ _ _ _ _ _ _ _ _ _ _ _ _ _ _ _ _ _ _ _ _ _ _ _ _ _ _ _ _ _ _ _ _ _ _ _ _ _ _ _ _ _ _ _ _ _ _ _ _ _ _ _ _ _ _ _ _ _ _ _ _ _ _ _ _ _ _ _ _ _ _ _ _ _ _ _ _ _ _ _ _ _ _ _ _ _ _ _ _ _ _ _ _ _ _ _ _ _ _ _ _ _ _ _ _ _ _ _ _ _ _ _ _ _ _ _ _ _ _ _ _ _ _ _ _
../../../.local/share/virtualenvs/pytestApiFramework-1hwM4lNI/lib/python3.9/site-packages/cerberus/validator.py:193: in __init__
    self.schema = kwargs.get('schema', None)
../../../.local/share/virtualenvs/pytestApiFramework-1hwM4lNI/lib/python3.9/site-packages/cerberus/validator.py:604: in schema
    self._schema = DefinitionSchema(self, schema)
../../../.local/share/virtualenvs/pytestApiFramework-1hwM4lNI/lib/python3.9/site-packages/cerberus/schema.py:82: in __init__
    self.validate(schema)
../../../.local/share/virtualenvs/pytestApiFramework-1hwM4lNI/lib/python3.9/site-packages/cerberus/schema.py:267: in validate
    self._validate(schema)
_ _ _ _ _ _ _ _ _ _ _ _ _ _ _ _ _ _ _ _ _ _ _ _ _ _ _ _ _ _ _ _ _ _ _ _ _ _ _ _ _ _ _ _ _ _ _ _ _ _ _ _ _ _ _ _ _ _ _ _ _ _ _ _ _ _ _ _ _ _ _ _ _ _ _ _ _ _ _ _ _ _ _ _ _ _ _ _ _ _ _ _ _ _ _ _ _ _ _ _ _ _ _ _ _ _ _ _ _ _ _ _ _ _ _ _ _ _ _ _ _ _ _ _ _ _

self = No schema data is set yet.
schema = {'$schema': 'http://json-schema.org/draft-04/schema#', 'properties': {'accuracy': {'type': 'integer'}, 'contest_combos...accuracy', 'contest_combos', 'contest_effect', 'contest_type', 'damage_class', 'effect_chance', ...], 'type': 'object'}

    def _validate(self, schema):
        if isinstance(schema, _str_type):
            schema = self.validator.schema_registry.get(schema, schema)
    
        test_schema = {}
        for field, rules in schema.items():
            if isinstance(rules, _str_type):
                test_schema[field] = rules_set_registry.get(rules, rules)
            else:
                test_rules = {}
&gt;               for rule, constraint in rules.items():
E               AttributeError: 'list' object has no attribute 'items'

../../../.local/share/virtualenvs/pytestApiFramework-1hwM4lNI/lib/python3.9/site-packages/cerberus/schema.py:280: AttributeError</failure></testcase></testsuite></testsuites>